tests/activities/activitycontext/AutoAttachTest.xml                                               Passed. Test passed
tests/activities/activitycontext/AutoDetachAllTest.xml                                            Passed. Test passed
tests/activities/activitycontext/AutoDetachTest.xml                                               Passed. Test passed
tests/activities/activitycontext/ExplicitAttachTest.xml                                           Passed. Test passed
tests/activities/activitycontext/Test556Test.xml                                                  Passed. Test passed
tests/activities/activitycontext/Test562Test.xml                                                  Passed. Test passed
tests/activities/activitycontext/Test572Test.xml                                                  Passed. Test passed
tests/activities/activitycontext/Test579Test.xml                                                  Passed. Test passed
tests/activities/activitycontext/Test587Test.xml                                                  Passed. Test passed
tests/activities/activitycontext/Test588Test.xml                                                  Passed. Test passed
tests/activities/activitycontext/Test596Test.xml                                                  Passed. Test passed
tests/activities/activitycontext/Test597Test.xml                                                  Passed. Test passed
tests/activities/activitycontext/Test601Test.xml                                                  Passed. Test passed
tests/activities/activitycontextinterface/Test1107001Test.xml                                     Passed. Test passed
tests/activities/activitycontextinterface/Test170Test.xml                                         Passed. Test passed
tests/activities/activitycontextinterface/Test4506Test.xml                                        Passed. Test passed
tests/activities/activitycontextinterface/Test84Test.xml                                          Passed. Test passed
tests/activities/activitycontextinterface/Test85Test.xml                                          Passed. Test passed
tests/activities/nullactivity/Test4464Test.xml                                                    Passed. Test passed
tests/activities/nullactivity/Test610Test.xml                                                     Passed. Test passed
tests/activities/nullactivity/Test612Test.xml                                                     Passed. Test passed
tests/events/ACIInterfaceJavaType/ACIInterfaceJavaTypeTest.xml                                    Passed. Test passed
tests/events/FireEventNotReady/FireEventNotReadyTest.xml                                          Passed. Test passed
tests/events/concurrency/SbbActivityConcurrencyTest.xml                                           Passed. Test passed
tests/events/concurrency/SbbObjectConcurrencyTest.xml                                             Passed. Test passed
tests/events/convergencename/ConvergenceNameTest-AddressAndAddressProfile.xml                     Passed. Test passed
tests/events/convergencename/ConvergenceNameTest-MultiVariableSelection.xml                       Passed. Test passed
tests/events/convergencename/ConvergenceNameTest-StickyConvergenceNames.xml                       Passed. Test passed
tests/events/convergencename/addressprofile/NoAddressProfileConvergenceNameTest.xml               Passed. Test passed
tests/events/convergencename/addressprofile/NullAddressProfileConvergenceNameTest.xml             Passed. Test passed
tests/events/convergencename/eventisunique/Test1963Test.xml                                       Passed. Test passed
tests/events/convergencename/eventisunique/Test1964Test.xml                                       Passed. Test passed
tests/events/convergencename/eventisunique/Test1965Test.xml                                       Passed. Test passed
tests/events/convergencename/iesInitialize/IESInitialValuesTest.xml                               Passed. Test passed
tests/events/convergencename/iesSetsAddress/ConvergenceNameTest-IesSetsAddress.xml                Passed. Test passed
tests/events/convergencename/iesSetsAddress/ConvergenceNameTest-IesSetsNullAddress.xml            Passed. Test passed
tests/events/convergencename/modifyIsInitial/ModifyIsInitialEventTest.xml                         Passed. Test passed
tests/events/convergencename/nonselection/ConvergenceNameTest-VariableNonSel-ActivityContext.xml  Passed. Test passed
tests/events/convergencename/nonselection/ConvergenceNameTest-VariableNonSel-Address.xml          Passed. Test passed
tests/events/convergencename/nonselection/ConvergenceNameTest-VariableNonSel-AddressProfile.xml   Passed. Test passed
tests/events/convergencename/nonselection/ConvergenceNameTest-VariableNonSel-CustomName.xml       Passed. Test passed
tests/events/convergencename/nonselection/ConvergenceNameTest-VariableNonSel-EventType.xml        Passed. Test passed
tests/events/convergencename/selectByDD/Activity/ConvergenceNameTest-Activity-DD.xml              Passed. Test passed
tests/events/convergencename/selectByDD/Address/ConvergenceNameTest-Address-DD.xml                Passed. Test passed
tests/events/convergencename/selectByDD/AddressProfile/ConvergenceNameTest-AddressProfile-DD.xml  Passed. Test passed
tests/events/convergencename/selectByDD/EventObject/ConvergenceNameTest-EventObject-DD.xml        Passed. Test passed
tests/events/convergencename/selectByDD/EventType/ConvergenceNameTest-EventType-DD.xml            Passed. Test passed
tests/events/convergencename/selectByIES/ConvergenceNameTest-Activity-IES.xml                     Passed. Test passed
tests/events/convergencename/selectByIES/ConvergenceNameTest-Address-IES.xml                      Passed. Test passed
tests/events/convergencename/selectByIES/ConvergenceNameTest-AddressProfile-IES.xml               Passed. Test passed
tests/events/convergencename/selectByIES/ConvergenceNameTest-CustomName-IES.xml                   Passed. Test passed
tests/events/convergencename/selectByIES/ConvergenceNameTest-EventObject-IES.xml                  Passed. Test passed
tests/events/convergencename/selectByIES/ConvergenceNameTest-EventType-IES.xml                    Passed. Test passed
tests/events/deploymentdescriptor/Test663Test.xml                                                 Passed. Test passed
tests/events/deploymentdescriptor/Test666Test.xml                                                 Passed. Test passed
tests/events/eventcontext/Test1108009Test.xml                                                     Passed. Test passed
tests/events/eventcontext/Test1108015Test.xml                                                     Passed. Test passed
tests/events/eventcontext/Test1108020Test1.xml                                                    Passed. Test passed
tests/events/eventcontext/Test1108020Test2.xml                                                    Passed. Test passed
tests/events/eventcontext/Test1108021Test.xml                                                     Passed. Test passed
tests/events/eventcontext/Test1108023Test1.xml                                                    Passed. Test passed
tests/events/eventcontext/Test1108023Test2.xml                                                    Passed. Test passed
tests/events/eventcontext/Test1108026Test1.xml                                                    Passed. Test passed
tests/events/eventcontext/Test1108026Test2.xml                                                    Passed. Test passed
tests/events/eventcontext/Test1108029Test1.xml                                                    Passed. Test passed
tests/events/eventcontext/Test1108029Test2.xml                                                    Passed. Test passed
tests/events/eventcontext/Test1108033Test.xml                                                     Passed. Test passed
tests/events/eventcontext/Test1108039Test.xml                                                     Passed. Test passed
tests/events/eventcontext/Test1108040Test.xml                                                     Passed. Test passed
tests/events/eventcontext/Test1108042Test.xml                                                     Passed. Test passed
tests/events/eventcontext/Test1108043Test.xml                                                     Passed. Test passed
tests/events/eventcontext/Test1108045Test.xml                                                     Passed. Test passed
tests/events/eventcontext/Test1108177Test1.xml                                                    Passed. Test passed
tests/events/eventcontext/Test1108177Test2.xml                                                    Passed. Test passed
tests/events/eventcontext/Test1108179Test1.xml                                                    Passed. Test passed
tests/events/eventcontext/Test1108179Test2.xml                                                    Passed. Test passed
tests/events/eventcontext/Test1108179Test3.xml                                                    Passed. Test passed
tests/events/eventcontext/Test1108180Test1.xml                                                    Passed. Test passed
tests/events/eventcontext/Test1108180Test2.xml                                                    Passed. Test passed
tests/events/eventcontext/Test1108195Test.xml                                                     Passed. Test passed
tests/events/eventcontext/Test1108196Test1.xml                                                    Passed. Test passed
tests/events/eventcontext/Test1108196Test2.xml                                                    Passed. Test passed
tests/events/eventrouting/Test1108081Test1.xml                                                    Passed. Test passed
tests/events/eventrouting/Test1108081Test2.xml                                                    Passed. Test passed
tests/events/eventrouting/Test1108081Test3.xml                                                    Passed. Test passed
tests/events/eventrouting/Test1108081Test4.xml                                                    Passed. Test passed
tests/events/eventrouting/Test1108091Test.xml                                                     Passed. Test passed
tests/events/eventrouting/Test1108093Test.xml                                                     Passed. Test passed
tests/events/eventrouting/Test1108094Test.xml                                                     Passed. Test passed
tests/events/eventrouting/Test1108095Test.xml                                                     Passed. Test passed
tests/events/eventrouting/Test1108096Test.xml                                                     Passed. Test passed
tests/events/fire/Test632Test.xml                                                                 Passed. Test passed
tests/events/getEventMask/Test722Test.xml                                                         Passed. Test passed
tests/events/getEventMask/Test724Test.xml                                                         Passed. Test passed
tests/events/getEventMask/Test725Test.xml                                                         Passed. Test passed
tests/events/getEventMask/Test726Test.xml                                                         Passed. Test passed
tests/events/handlerinvocation/EventHandlerInvocationTest.xml                                     Passed. Test passed
tests/events/initialevent/Test676Test.xml                                                         Passed. Test passed
tests/events/initialeventselector/Test2181Test.xml                                                Passed. Test passed
tests/events/initialeventselector/Test752Test.xml                                                 Passed. Test passed
tests/events/instantiatedeliver/InstatiateDeliver.xml                                             Passed. Test passed
tests/events/maskEvent/Test1902Test.xml                                                           Passed. Test passed
tests/events/maskEvent/Test1903Test.xml                                                           Passed. Test passed
tests/events/maskEvent/Test720Test.xml                                                            Passed. Test passed
tests/events/maskcumulative/MaskCumulative.xml                                                    Passed. Test passed
tests/events/maskonattach/MaskOnAttach.xml                                                        Passed. Test passed
tests/events/maskperacpersbb/MaskPerACPerSbb.xml                                                  Passed. Test passed
tests/events/maskreadystate/MaskReadyState.xml                                                    Passed. Test passed
tests/events/priority/Test773Test.xml                                                             Passed. Test passed
tests/events/priority/Test774Test.xml                                                             Passed. Test passed
tests/events/priority/Test776Test.xml                                                             Passed. Test passed
tests/events/priority/Test777Test.xml                                                             Passed. Test passed
tests/events/priority/Test784Test.xml                                                             Passed. Test passed
tests/events/priority/Test786Test.xml                                                             Passed. Test passed
tests/events/priority/Test788Test.xml                                                             Passed. Test passed
tests/events/reattach/Test1929Test.xml                                                            Passed. Test passed
tests/events/reattach/Test1988Test.xml                                                            Passed. Test passed
tests/events/reattach/Test789Test.xml                                                             Passed. Test passed
tests/events/receive/Test651Test.xml                                                              Passed. Test passed
tests/events/sbbabstractclass/Test1108053Test.xml                                                 Passed. Test passed
tests/events/sbbabstractclass/Test1108054Test1.xml                                                Passed. Test passed
tests/events/sbbabstractclass/Test1108054Test2.xml                                                Passed. Test passed
tests/events/sbbabstractclass/Test1108057Test.xml                                                 Passed. Test passed
tests/events/sbbabstractclass/Test1108059Test.xml                                                 Passed. Test passed
tests/events/sbbabstractclass/Test1108062Test.xml                                                 Passed. Test passed
tests/events/sbbabstractclass/Test1108065Test.xml                                                 Passed. Test passed
tests/events/sbbabstractclass/Test1108066Test1.xml                                                Passed. Test passed
tests/events/sbbabstractclass/Test1108066Test2.xml                                                Passed. Test passed
tests/events/sbbabstractclass/Test1108074Test.xml                                                 Passed. Test passed
tests/events/sbbabstractclass/Test1108075Test.xml                                                 Passed. Test passed
tests/events/sbbabstractclass/Test1108077Test.xml                                                 Passed. Test passed
tests/events/servicestarted/Test1108102Test.xml                                                   Passed. Test passed
tests/events/servicestarted/Test1108105Test.xml                                                   Passed. Test passed
tests/events/servicestarted/Test1108108Test.xml                                                   Passed. Test passed
tests/events/servicestarted/Test1108115Test.xml                                                   Passed. Test passed
tests/events/servicestarted/Test1108168Test.xml                                                   Passed. Test passed
tests/events/servicestarted/Test1108169Test.xml                                                   Passed. Test passed
tests/events/servicestarted/Test2182Test.xml                                                      Passed. Test passed
tests/events/servicestarted/Test2194Test.xml                                                      Passed. Test passed
tests/events/servicestarted/Test2195Test.xml                                                      Passed. Test passed
tests/events/servicestarted/Test4798Test.xml                                                      Passed. Test passed
tests/facilities/activitycontextnamingfacility/ActivityContextNamingFacilityTest-bind.xml         Passed. Test passed
tests/facilities/activitycontextnamingfacility/ActivityContextNamingFacilityTest-jndi.xml         Passed. Test passed
tests/facilities/activitycontextnamingfacility/ActivityContextNamingFacilityTest-lookup.xml       Passed. Test passed
tests/facilities/activitycontextnamingfacility/ActivityContextNamingFacilityTest-unbind.xml       Passed. Test passed
tests/facilities/activitycontextnamingfacility/BindRefCount.xml                                   Passed. Test passed
tests/facilities/activitycontextnamingfacility/Test1113016Test.xml                                Passed. Test passed
tests/facilities/activitycontextnamingfacility/Test1346Test.xml                                   Passed. Test passed
tests/facilities/activitycontextnamingfacility/Test1350Test.xml                                   Passed. Test passed
tests/facilities/activitycontextnamingfacility/Test1364Test.xml                                   Passed. Test passed
tests/facilities/activitycontextnamingfacility/Test1369Test.xml                                   Passed. Test passed
tests/facilities/activitycontextnamingfacility/Test1959Test.xml                                   Passed. Test passed
tests/facilities/activitycontextnamingfacility/UnbindRefCount.xml                                 Passed. Test passed
tests/facilities/alarmfacility/Test1113436Test.xml                                                Passed. Test passed
tests/facilities/alarmfacility/Test1113437Test.xml                                                Passed. Test passed
tests/facilities/alarmfacility/Test1113438Test.xml                                                Passed. Test passed
tests/facilities/alarmfacility/Test1113472Test.xml                                                Passed. Test passed
tests/facilities/alarmfacility/Test1113474Test.xml                                                Passed. Test passed
tests/facilities/alarmfacility/Test1113475Test.xml                                                Passed. Test passed
tests/facilities/alarmfacility/Test1113480Test.xml                                                Passed. Test passed
tests/facilities/alarmfacility/Test1113484Test.xml                                                Passed. Test passed
tests/facilities/alarmfacility/Test1113488Test.xml                                                Passed. Test passed
tests/facilities/alarmfacility/Test1113491Test.xml                                                Passed. Test passed
tests/facilities/alarmfacility/Test1113495Test.xml                                                Passed. Test passed
tests/facilities/alarmfacility/Test1113497Test.xml                                                Passed. Test passed
tests/facilities/alarmfacility/Test1113498Test.xml                                                Passed. Test passed
tests/facilities/alarmfacility/Test1113504Test.xml                                                Passed. Test passed
tests/facilities/alarmfacility/Test1113506Test.xml                                                Passed. Test passed
tests/facilities/alarmfacility/Test1113507Test.xml                                                Passed. Test passed
tests/facilities/alarmfacility/Test1113512Test.xml                                                Passed. Test passed
tests/facilities/alarmfacility/Test1113513Test.xml                                                Passed. Test passed
tests/facilities/alarmfacility/Test1113514Test.xml                                                Passed. Test passed
tests/facilities/alarmfacility/Test4465Test.xml                                                   Passed. Test passed
tests/facilities/alarmfacility/alarm/Test1113449Test.xml                                          Passed. Test passed
tests/facilities/alarmfacility/alarm/Test1113467Test.xml                                          Passed. Test passed
tests/facilities/alarmfacility/alarmlevel/Test1113520Test.xml                                     Passed. Test passed
tests/facilities/alarmfacility/alarmlevel/Test1113524Test.xml                                     Passed. Test passed
tests/facilities/alarmfacility/alarmlevel/Test1113526Test.xml                                     Passed. Test passed
tests/facilities/alarmfacility/alarmlevel/Test1113528Test.xml                                     Passed. Test passed
tests/facilities/eventlookupfacility/Test1113654Test1.xml                                         Passed. Test passed
tests/facilities/eventlookupfacility/Test1113654Test2.xml                                         Passed. Test passed
tests/facilities/profilefacility/ProfileFacilityTest-exception.xml                                Passed. Test passed
tests/facilities/profilefacility/ProfileFacilityTest-getProfile.xml                               Passed. Test passed
tests/facilities/profilefacility/ProfileFacilityTest-getProfiles.xml                              Passed. Test passed
tests/facilities/profilefacility/ProfileFacilityTest-getProfilesIterator.xml                      Passed. Test passed
tests/facilities/profilefacility/ProfileFacilityTest-jndi.xml                                     Passed. Test passed
tests/facilities/profilefacility/Test1113023Test.xml                                              Passed. Test passed
tests/facilities/profilefacility/Test1113032Test.xml                                              Passed. Test passed
tests/facilities/profilefacility/Test1384Test.xml                                                 Passed. Test passed
tests/facilities/profilefacility/Test1397Test.xml                                                 Passed. Test passed
tests/facilities/profilefacility/Test1906Test.xml                                                 Passed. Test passed
tests/facilities/profilefacility/Test2087Test.xml                                                 Passed. Test passed
tests/facilities/profilefacility/Test2414Test.xml                                                 Passed. Test passed
tests/facilities/servicelookupfacility/Test1113671Test1.xml                                       Passed. Test passed
tests/facilities/servicelookupfacility/Test1113671Test2.xml                                       Passed. Test passed
tests/facilities/timerfacility/CancelTimerRefCount.xml                                            Passed. Test passed
tests/facilities/timerfacility/ExpiredTimerRefCount.xml                                           Passed. Test passed
tests/facilities/timerfacility/SetTimerPeriodic1.xml                                              Passed. Test passed
tests/facilities/timerfacility/SetTimerPeriodic2.xml                                              Passed. Test passed
tests/facilities/timerfacility/SetTimerPeriodic3.xml                                              Passed. Test passed
tests/facilities/timerfacility/SetTimerPeriodic4.xml                                              Passed. Test passed
tests/facilities/timerfacility/SetTimerRefCount1.xml                                              Passed. Test passed
tests/facilities/timerfacility/SetTimerRefCount2.xml                                              Passed. Test passed
tests/facilities/timerfacility/SetTimerSingle1.xml                                                Passed. Test passed
tests/facilities/timerfacility/SetTimerSingle2.xml                                                Passed. Test passed
tests/facilities/timerfacility/Test1113003Test.xml                                                Passed. Test passed
tests/facilities/timerfacility/Test1170Test.xml                                                   Passed. Test passed
tests/facilities/timerfacility/Test1180Test.xml                                                   Passed. Test passed
tests/facilities/timerfacility/Test1187Test.xml                                                   Passed. Test passed
tests/facilities/timerfacility/Test1188Test.xml                                                   Passed. Test passed
tests/facilities/timerfacility/Test1232Test.xml                                                   Passed. Test passed
tests/facilities/timerfacility/Test1235Test.xml                                                   Passed. Test passed
tests/facilities/timerfacility/Test1952Test.xml                                                   Passed. Test passed
tests/facilities/timerfacility/TimerEvent1.xml                                                    Passed. Test passed
tests/facilities/timerfacility/TimerEvent2.xml                                                    Passed. Test passed
tests/facilities/timerfacility/TimerEvent3.xml                                                    Passed. Test passed
tests/facilities/timerfacility/TimerFacilityTest-cancelTimer.xml                                  Passed. Test passed
tests/facilities/timerfacility/TimerFacilityTest-exception.xml                                    Passed. Test passed
tests/facilities/timerfacility/TimerFacilityTest-jndi.xml                                         Passed. Test passed
tests/facilities/timerfacility/TimerFacilityTest-timerID.xml                                      Passed. Test passed
tests/facilities/timerfacility/TimerPreserveMissed1.xml                                           Passed. Test passed
tests/facilities/timerfacility/TimerPreserveMissed2.xml                                           Passed. Test passed
tests/facilities/timerfacility/TimerPreserveMissed3.xml                                           Passed. Test passed
tests/facilities/timerfacility/TimerPreserveMissed4.xml                                           Passed. Test passed
tests/facilities/timerfacility/address/SetTimerAddress-periodic.xml                               Passed. Test passed
tests/facilities/timerfacility/address/SetTimerAddress-single.xml                                 Passed. Test passed
tests/facilities/tracefacility/Test4484Test.xml                                                   Passed. Test passed
tests/facilities/tracefacility/tracelevel/Test1113146Test.xml                                     Passed. Test passed
tests/facilities/tracefacility/tracelevel/Test1113151Test.xml                                     Passed. Test passed
tests/facilities/tracefacility/tracelevel/Test1113153Test.xml                                     Passed. Test passed
tests/facilities/tracefacility/tracelevel/Test1113155Test.xml                                     Passed. Test passed
tests/facilities/tracefacility/tracer/Test1113111Test.xml                                         Passed. Test passed
tests/facilities/tracefacility/tracer/Test1113116Test.xml                                         Passed. Test passed
tests/facilities/tracefacility/tracer/Test1113118Test.xml                                         Passed. Test passed
tests/facilities/tracefacility/tracer/Test1113123Test.xml                                         Passed. Test passed
tests/facilities/tracefacility/tracer/Test1113127Test.xml                                         Passed. Test passed
tests/facilities/tracefacility/tracer/Test1113138Test1.xml                                        Passed. Test passed
tests/facilities/tracefacility/tracer/Test1113138Test2.xml                                        Passed. Test passed
tests/facilities/tracefacility/tracer/Test1113138Test3.xml                                        Passed. Test passed
tests/facilities/tracefacility/tracer/Test1113138Test4.xml                                        Passed. Test passed
tests/facilities/tracefacility/tracer/Test1113138Test5.xml                                        Passed. Test passed
tests/facilities/tracefacility/tracer/Test1113138Test6.xml                                        Passed. Test passed
tests/facilities/tracefacility/tracer/Test1113138Test7.xml                                        Passed. Test passed
tests/facilities/tracefacility/tracer/Test1113139Test1.xml                                        Passed. Test passed
tests/facilities/tracefacility/tracer/Test1113139Test2.xml                                        Passed. Test passed
tests/facilities/tracefacility/tracer/Test1113139Test3.xml                                        Passed. Test passed
tests/facilities/tracefacility/tracer/Test1113139Test4.xml                                        Passed. Test passed
tests/facilities/tracefacility/tracer/Test1113139Test5.xml                                        Passed. Test passed
tests/facilities/tracefacility/tracer/Test1113139Test6.xml                                        Passed. Test passed
tests/facilities/tracefacility/tracer/Test1113139Test7.xml                                        Passed. Test passed
tests/facilities/tracefacility/tracer/Test1113140Test.xml                                         Passed. Test passed
tests/facilities/tracefacility/tracer/Test1113143Test.xml                                         Passed. Test passed
tests/facilities/tracefacility/tracer/Test1113432Test.xml                                         Passed. Test passed
tests/facilities/tracefacility/tracer/Test1113433Test1.xml                                        Passed. Test passed
tests/facilities/tracefacility/tracer/Test1113433Test2.xml                                        Passed. Test passed
tests/facilities/tracefacility/tracer/Test1113433Test3.xml                                        Passed. Test passed
tests/facilities/tracefacility/tracer/Test1113433Test4.xml                                        Passed. Test passed
tests/facilities/tracefacility/tracer/Test1113433Test5.xml                                        Passed. Test passed
tests/facilities/tracefacility/tracer/Test1113433Test6.xml                                        Passed. Test passed
tests/facilities/tracefacility/tracer/Test1113433Test7.xml                                        Passed. Test passed
tests/javax/slee/ActivityContextInterface/Attach/AttachEventsTest.xml                             Passed. Test passed
tests/javax/slee/ActivityContextInterface/Attach/AttachInvalidTest.xml                            Passed. Test passed
tests/javax/slee/ActivityContextInterface/Attach/AttachMaskedTest.xml                             Passed. Test passed
tests/javax/slee/ActivityContextInterface/Attach/AttachNullTest.xml                               Passed. Test passed
tests/javax/slee/ActivityContextInterface/Attach/AttachTwiceTest.xml                              Passed. Test passed
tests/javax/slee/ActivityContextInterface/Detach/DetachEventsTest.xml                             Passed. Test passed
tests/javax/slee/ActivityContextInterface/Detach/DetachInvalidTest.xml                            Passed. Test passed
tests/javax/slee/ActivityContextInterface/Detach/DetachNullTest.xml                               Passed. Test passed
tests/javax/slee/ActivityContextInterface/Detach/DetachUnattachedTest.xml                         Passed. Test passed
tests/javax/slee/ActivityContextInterface/GetActivity/GetActivityTest.xml                         Passed. Test passed
tests/javax/slee/Address/Test3333Test.xml                                                         Passed. Test passed
tests/javax/slee/AddressPlan/Test3356Test.xml                                                     Passed. Test passed
tests/javax/slee/AddressPresentation/Test3406Test.xml                                             Passed. Test passed
tests/javax/slee/AddressScreening/Test3425Test.xml                                                Passed. Test passed
tests/javax/slee/ChildRelation/Test3031Test.xml                                                   Passed. Test passed
tests/javax/slee/ChildRelation/Test3044Test.xml                                                   Passed. Test passed
tests/javax/slee/ComponentID/Test3063Test.xml                                                     Passed. Test passed
tests/javax/slee/ComponentID/Test3067Test.xml                                                     Passed. Test passed
tests/javax/slee/EventContext/Test1108126Test.xml                                                 Passed. Test passed
tests/javax/slee/Sbb/Test3166Test.xml                                                             Passed. Test passed
tests/javax/slee/Sbb/Test3220Test.xml                                                             Passed. Test passed
tests/javax/slee/Sbb/Test3222Test.xml                                                             Passed. Test passed
tests/javax/slee/SbbContext/Test3231Test.xml                                                      Passed. Test passed
tests/javax/slee/SbbContext/Test3232Test.xml                                                      Passed. Test passed
tests/javax/slee/SbbContext/Test3240Test.xml                                                      Passed. Test passed
tests/javax/slee/SbbContext/Test3248Test.xml                                                      Passed. Test passed
tests/javax/slee/SbbContext/Test3281Test.xml                                                      Passed. Test passed
tests/javax/slee/SbbLocalObject/isIdentical/Test3297Test.xml                                      Passed. Test passed
tests/javax/slee/SbbLocalObject/remove/Test3316Test.xml                                           Passed. Test passed
tests/javax/slee/SbbLocalObject/remove/Test3317Test.xml                                           Passed. Test passed
tests/javax/slee/SbbLocalObject/remove/Test3318Test.xml                                           Passed. Test passed
tests/javax/slee/SbbLocalObject/setSbbPriority/Test3301Test.xml                                   Passed. Test passed
tests/javax/slee/SbbLocalObject/setSbbPriority/Test3311Test.xml                                   Passed. Test passed
tests/javax/slee/facilities/ActivityContextNamingFacility/Test3473Test.xml                        Passed. Test passed
tests/javax/slee/facilities/Level/Test3629Test.xml                                                Passed. Test passed
tests/javax/slee/facilities/TimerEvent/Test3507Test.xml                                           Passed. Test passed
tests/javax/slee/facilities/TimerEvent/Test3516Test.xml                                           Passed. Test passed
tests/javax/slee/facilities/TimerEvent/Test3521Test.xml                                           Passed. Test passed
tests/javax/slee/facilities/TimerEvent/Test3526Test.xml                                           Passed. Test passed
tests/javax/slee/facilities/TimerEvent/Test3531Test.xml                                           Passed. Test passed
tests/javax/slee/facilities/TimerFacility/Test3533Test.xml                                        Passed. Test passed
tests/javax/slee/facilities/TimerFacility/Test3535Test.xml                                        Passed. Test passed
tests/javax/slee/facilities/TimerFacility/Test3546Test.xml                                        Passed. Test passed
tests/javax/slee/facilities/TimerFacility/Test3549Test.xml                                        Passed. Test passed
tests/javax/slee/facilities/TimerFacility/Test3562Test.xml                                        Passed. Test passed
tests/javax/slee/facilities/TimerFacility/Test3570Test.xml                                        Passed. Test passed
tests/javax/slee/facilities/TimerFacility/Test3574Test.xml                                        Passed. Test passed
tests/javax/slee/facilities/TimerID/Test3577Test.xml                                              Passed. Test passed
tests/javax/slee/facilities/TimerID/Test3579Test.xml                                              Passed. Test passed
tests/javax/slee/facilities/TimerOptions/Test1113097Test.xml                                      Passed. Test passed
tests/javax/slee/facilities/TimerOptions/Test1113098Test.xml                                      Passed. Test passed
tests/javax/slee/facilities/TimerOptions/Test1113099Test.xml                                      Passed. Test passed
tests/javax/slee/facilities/TimerOptions/Test3669Test.xml                                         Passed. Test passed
tests/javax/slee/facilities/TimerOptions/Test3671Test.xml                                         Passed. Test passed
tests/javax/slee/facilities/TimerOptions/Test3674Test.xml                                         Passed. Test passed
tests/javax/slee/facilities/TimerOptions/Test3683Test.xml                                         Passed. Test passed
tests/javax/slee/facilities/TimerOptions/Test3690Test.xml                                         Passed. Test passed
tests/javax/slee/facilities/TimerPreserveMissed/Test3701Test.xml                                  Passed. Test passed
tests/javax/slee/facilities/TraceFacility/Test3588Test.xml                                        Passed. Test passed
tests/javax/slee/facilities/TraceFacility/Test4466Test.xml                                        Passed. Test passed
tests/javax/slee/facilities/Tracer/Test1113189Test1.xml                                           Passed. Test passed
tests/javax/slee/facilities/Tracer/Test1113189Test2.xml                                           Passed. Test passed
tests/javax/slee/facilities/Tracer/Test1113189Test3.xml                                           Passed. Test passed
tests/javax/slee/facilities/Tracer/Test1113189Test4.xml                                           Passed. Test passed
tests/javax/slee/facilities/Tracer/Test1113189Test5.xml                                           Passed. Test passed
tests/javax/slee/facilities/Tracer/Test1113189Test6.xml                                           Passed. Test passed
tests/javax/slee/facilities/Tracer/Test1113189Test7.xml                                           Passed. Test passed
tests/javax/slee/facilities/Tracer/Test1113190Test1.xml                                           Passed. Test passed
tests/javax/slee/facilities/Tracer/Test1113190Test2.xml                                           Passed. Test passed
tests/javax/slee/facilities/Tracer/Test1113190Test3.xml                                           Passed. Test passed
tests/javax/slee/facilities/Tracer/Test1113190Test4.xml                                           Passed. Test passed
tests/javax/slee/facilities/Tracer/Test1113190Test5.xml                                           Passed. Test passed
tests/javax/slee/facilities/Tracer/Test1113190Test6.xml                                           Passed. Test passed
tests/javax/slee/facilities/Tracer/Test1113190Test7.xml                                           Passed. Test passed
tests/javax/slee/facilities/Tracer/Test1113351Test1.xml                                           Passed. Test passed
tests/javax/slee/facilities/Tracer/Test1113351Test2.xml                                           Passed. Test passed
tests/javax/slee/facilities/Tracer/Test1113351Test3.xml                                           Passed. Test passed
tests/javax/slee/facilities/Tracer/Test1113351Test4.xml                                           Passed. Test passed
tests/javax/slee/facilities/Tracer/Test1113351Test5.xml                                           Passed. Test passed
tests/javax/slee/facilities/Tracer/Test1113351Test6.xml                                           Passed. Test passed
tests/javax/slee/facilities/Tracer/Test1113351Test7.xml                                           Passed. Test passed
tests/javax/slee/facilities/Tracer/Test1113352Test1.xml                                           Passed. Test passed
tests/javax/slee/facilities/Tracer/Test1113352Test2.xml                                           Passed. Test passed
tests/javax/slee/facilities/Tracer/Test1113352Test3.xml                                           Passed. Test passed
tests/javax/slee/facilities/Tracer/Test1113352Test4.xml                                           Passed. Test passed
tests/javax/slee/facilities/Tracer/Test1113352Test5.xml                                           Passed. Test passed
tests/javax/slee/facilities/Tracer/Test1113352Test6.xml                                           Passed. Test passed
tests/javax/slee/facilities/Tracer/Test1113352Test7.xml                                           Passed. Test passed
tests/javax/slee/management/AlarmDuplicateFilter/Test4066Test.xml                                 Passed. Test passed
tests/javax/slee/management/AlarmLevelFilter/Test4074Test.xml                                     Passed. Test passed
tests/javax/slee/management/AlarmMBean/Test1114768Test.xml                                        Passed. Test passed
tests/javax/slee/management/AlarmNotification/Test4085Test.xml                                    Passed. Test passed
tests/javax/slee/management/AlarmThresholdFilter/Test4098Test.xml                                 Passed. Test passed
tests/javax/slee/management/ComponentDescriptor/Test3725Test.xml                                  Passed. Test passed
tests/javax/slee/management/ComponentDescriptor/Test3729Test.xml                                  Passed. Test passed
tests/javax/slee/management/ComponentDescriptor/Test3732Test.xml                                  Passed. Test passed
tests/javax/slee/management/DeployableUnitDescriptor/Test3740Test.xml                             Passed. Test passed
tests/javax/slee/management/DeployableUnitDescriptor/Test3742Test.xml                             Passed. Test passed
tests/javax/slee/management/DeployableUnitDescriptor/Test3746Test.xml                             Passed. Test passed
tests/javax/slee/management/DeploymentMBean/Test3776Test.xml                                      Passed. Test passed
tests/javax/slee/management/EventTypeDescriptor/Test3835Test.xml                                  Passed. Test passed
tests/javax/slee/management/ProfileProvisioningMBean/Test4551Test.xml                             Passed. Test passed
tests/javax/slee/management/SbbDescriptor/Test3932Test.xml                                        Passed. Test passed
tests/javax/slee/management/ServiceDescriptor/Test3940Test.xml                                    Passed. Test passed
tests/javax/slee/management/ServiceState/Test4110Test.xml                                         Passed. Test passed
tests/javax/slee/management/ServiceUsageMBean/ResetParametersTest.xml                             Passed. Test passed
tests/javax/slee/management/ServiceUsageMBean/ServiceUsageMBeanExceptionsTest.xml                 Passed. Test passed
tests/javax/slee/management/ServiceUsageMBean/Test2295Test.xml                                    Passed. Test passed
tests/javax/slee/management/ServiceUsageMBean/Test3980Test.xml                                    Passed. Test passed
tests/javax/slee/management/SleeManagementMBean/Test1114500Test.xml                               Passed. Test passed
tests/javax/slee/management/SleeState/Test4144Test.xml                                            Passed. Test passed
tests/javax/slee/management/TraceLevelFilter/Test4174Test.xml                                     Passed. Test passed
tests/javax/slee/management/TraceMBean/Test4055Test.xml                                           Passed. Test passed
tests/javax/slee/management/TraceNotification/Test4185Test.xml                                    Passed. Test passed
tests/javax/slee/nullactivity/NullActivity/Test4244Test.xml                                       Passed. Test passed
tests/javax/slee/profile/AddressProfileCMP/Test4266Test.xml                                       Passed. Test passed
tests/javax/slee/profile/ProfileAddedEvent/Test4283Test.xml                                       Passed. Test passed
tests/javax/slee/profile/ProfileContext/Test1110310Test.xml                                       Passed. Test passed
tests/javax/slee/profile/ProfileContext/Test1110346Test.xml                                       Passed. Test passed
tests/javax/slee/profile/ProfileContext/Test1110349Test.xml                                       Passed. Test passed
tests/javax/slee/profile/ProfileDescriptor/Test4393Test.xml                                       Passed. Test passed
tests/javax/slee/profile/ProfileFacility/Test4457Test.xml                                         Passed. Test passed
tests/javax/slee/profile/ProfileFacility/Test4459Test.xml                                         Passed. Test passed
tests/javax/slee/profile/ProfileID/Test1110011Test.xml                                            Passed. Test passed
tests/javax/slee/profile/ProfileID/Test4432Test.xml                                               Passed. Test passed
tests/javax/slee/profile/ProfileLocalObject/Test1110100Test.xml                                   Passed. Test passed
tests/javax/slee/profile/ProfileLocalObject/Test1110654Test.xml                                   Passed. Test passed
tests/javax/slee/profile/ProfileRemovedEvent/Test4386Test.xml                                     Passed. Test passed
tests/javax/slee/profile/ProfileTableActivity/Test4396Test.xml                                    Passed. Test passed
tests/javax/slee/profile/ProfileTableActivityContextInterfaceFactory/Test1110040.xml              Passed. Test passed
tests/javax/slee/profile/ProfileUpdatedEvent/Test4412Test.xml                                     Passed. Test passed
tests/javax/slee/profile/query/Test1110915Test.xml                                                Passed. Test passed
tests/javax/slee/resource/ResourceAdaptorTypeDescriptor/Test4443Test.xml                          Passed. Test passed
tests/javax/slee/usage/SampleStatistics/SampleStatisticsTest.xml                                  Passed. Test passed
tests/javax/slee/usage/UsageNotification/Test4203Test.xml                                         Passed. Test passed
tests/javax/slee/usage/UsageOutOfRangeFilter/UsageOutOfRangeFilterTest.xml                        Passed. Test passed
tests/javax/slee/usage/UsageThresholdFilter/UsageThresholdFilterTest.xml                          Passed. Test passed
tests/javax/slee/usage/UsageUpdatedFilter/UsageUpdatedFilterTest.xml                              Passed. Test passed
tests/libraries/Test1116001Test.xml                                                               Passed. Test passed
tests/libraries/Test1116011Test.xml                                                               Passed. Test passed
tests/libraries/Test1116019Test.xml                                                               Passed. Test passed
tests/management/AlarmMBean/Test1114148Test.xml                                                   Passed. Test passed
tests/management/DeploymentMBean/Test1114306Test.xml                                              Passed. Test passed
tests/management/DeploymentMBean/Test1114335Test.xml                                              Passed. Test passed
tests/management/DeploymentMBean/Test1538Test.xml                                                 Passed. Test passed
tests/management/DeploymentMBean/Test1539Test.xml                                                 Passed. Test passed
tests/management/DeploymentMBean/Test1540Test.xml                                                 Passed. Test passed
tests/management/DeploymentMBean/Test1541Test.xml                                                 Passed. Test passed
tests/management/DeploymentMBean/Test1542Test.xml                                                 Passed. Test passed
tests/management/DeploymentMBean/Test1571Test.xml                                                 Passed. Test passed
tests/management/DeploymentMBean/Test1893Test.xml                                                 Passed. Test passed
tests/management/ManagementMBean/Test1575Test.xml                                                 Passed. Test passed
tests/management/ManagementMBean/Test1576Test.xml                                                 Passed. Test passed
tests/management/ManagementMBean/Test1579Test.xml                                                 Passed. Test passed
tests/management/ManagementMBean/Test1582Test.xml                                                 Passed. Test passed
tests/management/ManagementMBean/Test1583Test.xml                                                 Passed. Test passed
tests/management/ManagementMBean/Test1584Test.xml                                                 Passed. Test passed
tests/management/ManagementMBean/Test1586Test.xml                                                 Passed. Test passed
tests/management/ManagementMBean/Test1590Test.xml                                                 Passed. Test passed
tests/management/ManagementMBean/Test1600Test.xml                                                 Passed. Test passed
tests/management/ManagementMBean/Test1605Test.xml                                                 Passed. Test passed
tests/management/ManagementMBean/Test1609Test.xml                                                 Passed. Test passed
tests/management/ManagementMBean/Test1890Test.xml                                                 Passed. Test passed
tests/management/ManagementMBean/Test1891Test.xml                                                 Passed. Test passed
tests/management/ManagementMBean/Test1895Test.xml                                                 Passed. Test passed
tests/management/NotificationSource/Test1114228Test.xml                                           Passed. Test passed
tests/management/NotificationSource/Test1114235Test.xml                                           Passed. Test passed
tests/management/NotificationSource/Test1114242Test.xml                                           Passed. Test passed
tests/management/NotificationSource/Test1114380Test.xml                                           Passed. Test passed
tests/management/ProfileProvisioningMBean/ProfileNamesTest.xml                                    Passed. Test passed
tests/management/ProfileProvisioningMBean/ProfileTableNamesTest.xml                               Passed. Test passed
tests/management/ProfileProvisioningMBean/Test1083Test.xml                                        Passed. Test passed
tests/management/ProfileProvisioningMBean/Test1114003Test.xml                                     Passed. Test passed
tests/management/ProfileProvisioningMBean/Test1114007Test.xml                                     Passed. Test passed
tests/management/ProfileProvisioningMBean/Test1114011Test.xml                                     Passed. Test passed
tests/management/ProfileProvisioningMBean/Test1114403Test.xml                                     Passed. Test passed
tests/management/ProfileProvisioningMBean/Test1638Test.xml                                        Passed. Test passed
tests/management/ProfileProvisioningMBean/Test1642Test.xml                                        Passed. Test passed
tests/management/ProfileProvisioningMBean/Test1644Test.xml                                        Passed. Test passed
tests/management/ProfileProvisioningMBean/Test1647Test.xml                                        Passed. Test passed
tests/management/ProfileProvisioningMBean/Test1649Test.xml                                        Passed. Test passed
tests/management/ProfileProvisioningMBean/Test3864Test.xml                                        Passed. Test passed
tests/management/ProfileProvisioningMBean/Test3870Test.xml                                        Passed. Test passed
tests/management/ProfileProvisioningMBean/Test3883Test.xml                                        Passed. Test passed
tests/management/ProfileProvisioningMBean/Test3887Test.xml                                        Passed. Test passed
tests/management/ProfileProvisioningMBean/Test3888Test.xml                                        Passed. Test passed
tests/management/ProfileProvisioningMBean/Test3900Test.xml                                        Passed. Test passed
tests/management/ProfileProvisioningMBean/Test4346Test.xml                                        Passed. Test passed
tests/management/ProfileProvisioningMBean/Test4460Test.xml                                        Passed. Test passed
tests/management/ResourceManagementMBean/Test1114096Test.xml                                      Passed. Test passed
tests/management/ResourceManagementMBean/Test1114125Test.xml                                      Passed. Test passed
tests/management/ServiceManagementMBean/Test1616Test.xml                                          Passed. Test passed
tests/management/ServiceManagementMBean/Test1620Test.xml                                          Passed. Test passed
tests/management/ServiceManagementMBean/Test2270Test.xml                                          Passed. Test passed
tests/management/ServiceManagementMBean/Test2470Test.xml                                          Passed. Test passed
tests/management/ServiceManagementMBean/Test2471Test.xml                                          Passed. Test passed
tests/management/ServiceManagementMBean/Test3949Test.xml                                          Passed. Test passed
tests/management/ServiceManagementMBean/Test3954Test.xml                                          Passed. Test passed
tests/management/ServiceManagementMBean/Test3971Test.xml                                          Passed. Test passed
tests/management/ServiceUsageMBean/Test1114343Test.xml                                            Passed. Test passed
tests/management/SleeManagementMBean/SleeManagementMBeanIsNotifier.xml                            Passed. Test passed
tests/management/SleeManagementMBean/Test1114391Test.xml                                          Passed. Test passed
tests/management/SleeManagementMBean/Test1880Test.xml                                             Passed. Test passed
tests/management/SleeManagementMBean/TestMBeanAccessors.xml                                       Passed. Test passed
tests/management/SleeManagementMBean/TestMBeansRegistered.xml                                     Passed. Test passed
tests/management/Test1429Test.xml                                                                 Passed. Test passed
tests/management/Test2096Test.xml                                                                 Passed. Test passed
tests/management/TraceMBean/Test1114191Test.xml                                                   Passed. Test passed
tests/management/TraceMBean/Test1114205Test.xml                                                   Passed. Test passed
tests/management/sleestate/EventsDeliveredWhileStoppingTest.xml                                   Passed. Test passed
tests/management/sleestate/ShutdownFailsFromRunning.xml                                           Passed. Test passed
tests/management/sleestate/Test1479Test.xml                                                       Error. Exception: com.opencloud.sleetck.lib.TCKTestErrorException => No event handlers registered with the TCK resource Stack Trace:  com.opencloud.sleetck.lib.TCKTestErrorException: No event handlers registered with the TCK resource  at com.opencloud.sleetck.lib.resource.impl.EventDelegatorImpl.getHandlerFor(Unknown Source)  at com.opencloud.sleetck.lib.resource.impl.EventDelegatorImpl.handleActivityEnd(Unknown Source)  at com.opencloud.sleetck.lib.resource.impl.TCKResourceTestInterfaceImpl.endActivity(Unknown Source)  at sun.reflect.GeneratedMethodAccessor569.invoke(Unknown Source)  at sun.reflect.DelegatingMethodAccessorImpl.invoke(DelegatingMethodAccessorImpl.java:43)  at java.lang.reflect.Method.invoke(Method.java:498)  at sun.rmi.server.UnicastServerRef.dispatch(UnicastServerRef.java:346)  at sun.rmi.transport.Transport$1.run(Transport.java:200)  at sun.rmi.transport.Transport$1.run(Transport.java:197)  at java.security.AccessController.doPrivileged(Native Method)  at sun.rmi.transport.Transport.serviceCall(Transport.java:196)  at sun.rmi.transport.tcp.TCPTransport.handleMessages(TCPTransport.java:568)  at sun.rmi.transport.tcp.TCPTransport$ConnectionHandler.run0(TCPTransport.java:826)  at sun.rmi.transport.tcp.TCPTransport$ConnectionHandler.lambda$run$0(TCPTransport.java:683)  at java.security.AccessController.doPrivileged(Native Method)  at sun.rmi.transport.tcp.TCPTransport$ConnectionHandler.run(TCPTransport.java:682)  at java.util.concurrent.ThreadPoolExecutor.runWorker(ThreadPoolExecutor.java:1142)  at java.util.concurrent.ThreadPoolExecutor$Worker.run(ThreadPoolExecutor.java:617)  at java.lang.Thread.run(Thread.java:745)  at sun.rmi.transport.StreamRemoteCall.exceptionReceivedFromServer(StreamRemoteCall.java:276)  at sun.rmi.transport.StreamRemoteCall.executeCall(StreamRemoteCall.java:253)  at sun.rmi.server.UnicastRef.invoke(UnicastRef.java:162)  at com.opencloud.sleetck.lib.resource.impl.TCKResourceTestInterfaceImpl_Stub.endActivity(Unknown Source)  at com.opencloud.sleetck.lib.resource.impl.TCKResourceTestInterfaceProxy.endActivity(Unknown Source)  at com.opencloud.sleetck.lib.testsuite.management.sleestate.Test1479Test.run(Test1479Test.java:49)  at com.opencloud.sleetck.lib.infra.SleeTCKScript.run(Unknown Source)  at com.sun.javatest.Script.run(Script.java:213)  at com.sun.javatest.Harness.runTest(Harness.java:695)  at com.sun.javatest.Harness.access$900(Harness.java:27)  at com.sun.javatest.Harness$2.run(Harness.java:854)
tests/preparatory/sleestate/SleeStateTest.xml                                                     Passed. Test passed
tests/preparatory/testengine/TestEngineTest.xml                                                   Passed. Test passed
tests/profiles/Test1097Test.xml                                                                   Passed. Test passed
tests/profiles/Test1117Test.xml                                                                   Passed. Test passed
tests/profiles/Test2436Test.xml                                                                   Passed. Test passed
tests/profiles/TestUniqueAttributeTest.xml                                                        Passed. Test passed
tests/profiles/checkprofileload/CheckProfileLoadTest.xml                                          Passed. Test passed
tests/profiles/checkprofilestore/CheckProfileStoreTest.xml                                        Passed. Test passed
tests/profiles/creation/CreateManyProfileTablesTest.xml                                           Passed. Test passed
tests/profiles/creation/CreateManyProfilesTest.xml                                                Passed. Test passed
tests/profiles/defaultprofile/CheckInitializeProfileTest.xml                                      Passed. Test passed
tests/profiles/defaultprofile/DefaultIsTableSpecificTest.xml                                      Passed. Test passed
tests/profiles/defaultprofile/DefaultProfileDeletionTest.xml                                      Passed. Test passed
tests/profiles/events/ProfileEventsTest.xml                                                       Passed. Test passed
tests/profiles/events/Test1010003_1.xml                                                           Passed. Test passed
tests/profiles/events/Test1010003_2.xml                                                           Passed. Test passed
tests/profiles/events/Test1010003_3.xml                                                           Passed. Test passed
tests/profiles/lifecycle/Test1110227Test.xml                                                      Passed. Test passed
tests/profiles/lifecycle/Test1110305Test.xml                                                      Passed. Test passed
tests/profiles/noevents/Test1110041_1Test.xml                                                     Passed. Test passed
tests/profiles/noevents/Test1110041_2Test.xml                                                     Passed. Test passed
tests/profiles/profileabstractclass/Test1110093Test.xml                                           Passed. Test passed
tests/profiles/profileabstractclass/Test1110235Test.xml                                           Passed. Test passed
tests/profiles/profileabstractclass/Test1110246Test.xml                                           Passed. Test passed
tests/profiles/profileadded/Test1110016Test.xml                                                   Passed. Test passed
tests/profiles/profileadded/Test1110022Test.xml                                                   Passed. Test passed
tests/profiles/profileadded/Test1110024Test.xml                                                   Passed. Test passed
tests/profiles/profileadded/Test1110030Test.xml                                                   Passed. Test passed
tests/profiles/profileadded/Test1110032Test.xml                                                   Passed. Test passed
tests/profiles/profileadded/Test1110038Test.xml                                                   Passed. Test passed
tests/profiles/profileadded/Test2069Test.xml                                                      Passed. Test passed
tests/profiles/profileadded/Test2073Test.xml                                                      Passed. Test passed
tests/profiles/profileadded/Test2077Test.xml                                                      Passed. Test passed
tests/profiles/profilecmp/Test1110627Test.xml                                                     Passed. Test passed
tests/profiles/profilecmp/Test1110629Test.xml                                                     Passed. Test passed
tests/profiles/profilecmp/Test1110633Test.xml                                                     Passed. Test passed
tests/profiles/profilecommit/ProfileCommitTest.xml                                                Passed. Test passed
tests/profiles/profileenv/Test1110374Test.xml                                                     Passed. Test passed
tests/profiles/profileenv/Test1110393Test.xml                                                     Passed. Test passed
tests/profiles/profileidvalidation/ProfileIDValidationTest.xml                                    Passed. Test passed
tests/profiles/profileinitialstate/CheckProfileInitialStateTest.xml                               Passed. Test passed
tests/profiles/profileinitialstate/Test4333Test.xml                                               Passed. Test passed
tests/profiles/profilelocal/Test1110098Test.xml                                                   Passed. Test passed
tests/profiles/profilelocal/Test1110101Test.xml                                                   Passed. Test passed
tests/profiles/profilelocal/Test1110101_2Test.xml                                                 Passed. Test passed
tests/profiles/profilemanagement/ProfileCMPMethodHidingTest.xml                                   Passed. Test passed
tests/profiles/profilemanagement/ProfileMBeanExceptionsTest.xml                                   Passed. Test passed
tests/profiles/profilemanagement/ProfileManagementTest.xml                                        Passed. Test passed
tests/profiles/profilemanagement/Test1110080Test.xml                                              Passed. Test passed
tests/profiles/profilemanagement/Test1110359Test.xml                                              Passed. Test passed
tests/profiles/profilerefs/ManyToManyProfilesTest.xml                                             Passed. Test passed
tests/profiles/profilesbbsecurity/ProfileSecurityTest.xml                                         Passed. Test passed
tests/profiles/profilespec/Test1073Test.xml                                                       Passed. Test passed
tests/profiles/profilespec/Test1110046Test.xml                                                    Passed. Test passed
tests/profiles/profilespec/Test1110047Test.xml                                                    Passed. Test passed
tests/profiles/profilespec/Test1110051Test.xml                                                    Passed. Test passed
tests/profiles/profilespec/Test1110225_1Test.xml                                                  Passed. Test passed
tests/profiles/profilespec/Test1110225_2Test.xml                                                  Passed. Test passed
tests/profiles/profilestate/ProfileStateTest.xml                                                  Passed. Test passed
tests/profiles/profiletable/Test1110130Test.xml                                                   Passed. Test passed
tests/profiles/profiletable/Test1110132Test.xml                                                   Passed. Test passed
tests/profiles/profiletable/Test1110132_2Test.xml                                                 Passed. Test passed
tests/profiles/profiletxcontext/ProfileTXContextTest.xml                                          Passed. Test passed
tests/profiles/profileupdate/ProfileUpdateTest.xml                                                Passed. Test passed
tests/profiles/profileverification/ProfileVerificationTest.xml                                    Passed. Test passed
tests/profiles/querydynamic/Test1110475Test.xml                                                   Passed. Test passed
tests/profiles/querystatic/Test1110415Test.xml                                                    Passed. Test passed
tests/profiles/querystatic/Test1110417Test.xml                                                    Passed. Test passed
tests/profiles/readonly/Test1110067Test.xml                                                       Passed. Test passed
tests/profiles/readonly/Test1110067_2Test.xml                                                     Passed. Test passed
tests/profiles/readonly/Test1110068Test.xml                                                       Passed. Test passed
tests/profiles/readonly/Test1110068_2Test.xml                                                     Passed. Test passed
tests/profiles/readonly/Test1110069Test.xml                                                       Passed. Test passed
tests/profiles/readonly/Test1110069_2Test.xml                                                     Passed. Test passed
tests/profiles/readonly/Test1110075Test.xml                                                       Passed. Test passed
tests/profiles/readonly/Test1110094Test.xml                                                       Passed. Test passed
tests/resource/config/Test1115540Test.xml                                                         Passed. Test passed
tests/resource/context/Test1115175Test.xml                                                        Passed. Test passed
tests/resource/context/Test1115177Test.xml                                                        Passed. Test passed
tests/resource/context/Test1115178Test.xml                                                        Passed. Test passed
tests/resource/context/Test1115180Test.xml                                                        Passed. Test passed
tests/resource/context/Test1115184Test.xml                                                        Passed. Test passed
tests/resource/context/Test1115185Test.xml                                                        Passed. Test passed
tests/resource/context/Test1115186Test.xml                                                        Passed. Test passed
tests/resource/context/Test1115188Test.xml                                                        Passed. Test passed
tests/resource/context/Test1115194Test.xml                                                        Passed. Test passed
tests/resource/context/Test1115196Test.xml                                                        Passed. Test passed
tests/resource/context/Test1115198Test.xml                                                        Passed. Test passed
tests/resource/context/Test1115202Test.xml                                                        Passed. Test passed
tests/resource/context/Test1115205Test.xml                                                        Passed. Test passed
tests/resource/context/Test1115406Test.xml                                                        Passed. Test passed
tests/resource/context/Test1115407Test.xml                                                        Passed. Test passed
tests/resource/endpoint/Test1115211Test.xml                                                       Passed. Test passed
tests/resource/endpoint/Test1115214Test.xml                                                       Passed. Test passed
tests/resource/endpoint/Test1115215Test.xml                                                       Passed. Test passed
tests/resource/endpoint/Test1115217Test.xml                                                       Passed. Test passed
tests/resource/endpoint/Test1115231Test.xml                                                       Passed. Test passed
tests/resource/endpoint/Test1115232Test.xml                                                       Passed. Test passed
tests/resource/endpoint/Test1115233Test.xml                                                       Passed. Test passed
tests/resource/endpoint/Test1115234Test.xml                                                       Passed. Test passed
tests/resource/endpoint/Test1115238Test.xml                                                       Passed. Test passed
tests/resource/endpoint/Test1115240Test.xml                                                       Passed. Test passed
tests/resource/endpoint/Test1115241Test.xml                                                       Passed. Test passed
tests/resource/endpoint/Test1115242Test.xml                                                       Passed. Test passed
tests/resource/endpoint/Test1115247Test.xml                                                       Passed. Test passed
tests/resource/endpoint/Test1115248Test.xml                                                       Passed. Test passed
tests/resource/endpoint/Test1115255Test.xml                                                       Passed. Test passed
tests/resource/endpoint/Test1115257Test.xml                                                       Passed. Test passed
tests/resource/endpoint/Test1115258Test.xml                                                       Passed. Test passed
tests/resource/endpoint/Test1115262Test.xml                                                       Passed. Test passed
tests/resource/endpoint/Test1115263Test.xml                                                       Passed. Test passed
tests/resource/endpoint/Test1115265Test.xml                                                       Passed. Test passed
tests/resource/endpoint/Test1115276Test.xml                                                       Passed. Test passed
tests/resource/endpoint/Test1115280Test.xml                                                       Passed. Test passed
tests/resource/endpoint/Test1115291Test.xml                                                       Passed. Test passed
tests/resource/endpoint/Test1115296Test.xml                                                       Passed. Test passed
tests/resource/endpoint/Test1115298Test.xml                                                       Passed. Test passed
tests/resource/endpoint/Test1115299Test.xml                                                       Passed. Test passed
tests/resource/endpoint/Test1115300Test.xml                                                       Passed. Test passed
tests/resource/endpoint/Test1115303Test.xml                                                       Failed. Failed assertion ID: 1115303 Failure context/reason: Exception: com.opencloud.sleetck.lib.TCKTestFailureException => fireEvent() failed to throw a ActivityIsEndingException when required Stack Trace:  com.opencloud.sleetck.lib.TCKTestFailureException: fireEvent() failed to throw a ActivityIsEndingException when required  at com.opencloud.sleetck.lib.testsuite.resource.endpoint.Test1115303Test.run(Test1115303Test.java:61)  at com.opencloud.sleetck.lib.infra.SleeTCKScript.run(Unknown Source)  at com.sun.javatest.Script.run(Script.java:213)  at com.sun.javatest.Harness.runTest(Harness.java:695)  at com.sun.javatest.Harness.access$900(Harness.java:27)  at com.sun.javatest.Harness$2.run(Harness.java:854)
tests/resource/endpoint/Test1115306Test.xml                                                       Passed. Test passed
tests/resource/endpoint/Test1115308Test.xml                                                       Passed. Test passed
tests/resource/endpoint/Test1115309Test.xml                                                       Passed. Test passed
tests/resource/endpoint/Test1115311Test.xml                                                       Passed. Test passed
tests/resource/endpoint/Test1115312Test.xml                                                       Passed. Test passed
tests/resource/endpoint/Test1115313Test.xml                                                       Passed. Test passed
tests/resource/endpoint/Test1115314Test.xml                                                       Passed. Test passed
tests/resource/endpoint/Test1115316Test.xml                                                       Error. Exception: com.opencloud.sleetck.lib.TCKTestErrorException => Unexpected result received from test component: false Stack Trace:  com.opencloud.sleetck.lib.TCKTestErrorException: Unexpected result received from test component: false  at com.opencloud.sleetck.lib.testsuite.resource.BaseResourceTest.checkResult(BaseResourceTest.java:428)  at com.opencloud.sleetck.lib.testsuite.resource.endpoint.Test1115316Test.run(Test1115316Test.java:49)  at com.opencloud.sleetck.lib.infra.SleeTCKScript.run(Unknown Source)  at com.sun.javatest.Script.run(Script.java:213)  at com.sun.javatest.Harness.runTest(Harness.java:695)  at com.sun.javatest.Harness.access$900(Harness.java:27)  at com.sun.javatest.Harness$2.run(Harness.java:854)
tests/resource/endpoint/Test1115413Test.xml                                                       Passed. Test passed
tests/resource/endpoint/Test1115417Test.xml                                                       Passed. Test passed
tests/resource/endpoint/Test1115418Test.xml                                                       Passed. Test passed
tests/resource/endpoint/Test1115420Test.xml                                                       Passed. Test passed
tests/resource/events/Test1115158Test.xml                                                         Passed. Test passed
tests/resource/lifecycle/Test1115037Test.xml                                                      Passed. Test passed
tests/resource/lifecycle/Test1115504Test.xml                                                      Passed. Test passed
tests/runtime/security/SecurityPermissionsTest.xml                                                Passed. Test passed
tests/runtime/security/Test1112012Test.xml                                                        Passed. Test passed
tests/runtime/security/Test1112013Test.xml                                                        Passed. Test passed
tests/runtime/security/Test1112015Test.xml                                                        Passed. Test passed
tests/runtime/security/Test1112017Test.xml                                                        Passed. Test passed
tests/runtime/security/Test1112018Test.xml                                                        Passed. Test passed
tests/runtime/security/Test1112019Test.xml                                                        Passed. Test passed
tests/sbb/abstractclass/EnvEntryScope.xml                                                         Passed. Test passed
tests/sbb/abstractclass/EnvEntryTypes.xml                                                         Passed. Test passed
tests/sbb/abstractclass/JndiEnvironment.xml                                                       Passed. Test passed
tests/sbb/abstractclass/NonReentrant.xml                                                          Passed. Test passed
tests/sbb/abstractclass/Reentrant.xml                                                             Passed. Test passed
tests/sbb/abstractclass/SbbExceptionThrownNonEvent.xml                                            Passed. Test passed
tests/sbb/abstractclass/SbbExceptionThrownRethrow.xml                                             Passed. Test passed
tests/sbb/abstractclass/SbbExceptionThrownRolledBackOrdering.xml                                  Passed. Test passed
tests/sbb/abstractclass/Test1106023Test.xml                                                       Passed. Test passed
tests/sbb/abstractclass/Test1106035Test.xml                                                       Passed. Test passed
tests/sbb/abstractclass/Test1106036Test.xml                                                       Passed. Test passed
tests/sbb/abstractclass/Test1106042Test.xml                                                       Passed. Test passed
tests/sbb/abstractclass/Test1987Test.xml                                                          Passed. Test passed
tests/sbb/abstractclass/Test2013Test.xml                                                          Passed. Test passed
tests/sbb/abstractclass/Test2056Test.xml                                                          Passed. Test passed
tests/sbb/abstractclass/Test2101Test.xml                                                          Passed. Test passed
tests/sbb/abstractclass/Test2109Test.xml                                                          Passed. Test passed
tests/sbb/abstractclass/Test2110Test.xml                                                          Passed. Test passed
tests/sbb/abstractclass/Test2113Test.xml                                                          Passed. Test passed
tests/sbb/abstractclass/Test2115Test.xml                                                          Passed. Test passed
tests/sbb/abstractclass/Test2118Test.xml                                                          Passed. Test passed
tests/sbb/abstractclass/Test2121Test.xml                                                          Passed. Test passed
tests/sbb/abstractclass/Test2122Test.xml                                                          Passed. Test passed
tests/sbb/abstractclass/Test2123Test.xml                                                          Passed. Test passed
tests/sbb/abstractclass/Test2125Test.xml                                                          Passed. Test passed
tests/sbb/abstractclass/Test2129Test.xml                                                          Passed. Test passed
tests/sbb/abstractclass/Test2134Test.xml                                                          Passed. Test passed
tests/sbb/abstractclass/Test2144Test.xml                                                          Passed. Test passed
tests/sbb/abstractclass/Test2173Test.xml                                                          Passed. Test passed
tests/sbb/abstractclass/Test2174Test.xml                                                          Passed. Test passed
tests/sbb/abstractclass/Test2176Test.xml                                                          Passed. Test passed
tests/sbb/abstractclass/Test2177Test.xml                                                          Passed. Test passed
tests/sbb/abstractclass/Test2217Test.xml                                                          Passed. Test passed
tests/sbb/abstractclass/Test2222Test.xml                                                          Passed. Test passed
tests/sbb/abstractclass/Test2223Test.xml                                                          Passed. Test passed
tests/sbb/abstractclass/Test2231Test.xml                                                          Passed. Test passed
tests/sbb/abstractclass/Test2339Test.xml                                                          Passed. Test passed
tests/sbb/abstractclass/Test2406Test.xml                                                          Passed. Test passed
tests/sbb/abstractclass/Test2419Test.xml                                                          Passed. Test passed
tests/sbb/abstractclass/Test2422Test.xml                                                          Passed. Test passed
tests/sbb/abstractclass/Test2424Test.xml                                                          Passed. Test passed
tests/sbb/abstractclass/Test2458Test.xml                                                          Passed. Test passed
tests/sbb/abstractclass/Test2466Test.xml                                                          Passed. Test passed
tests/sbb/abstractclass/Test2484Test.xml                                                          Passed. Test passed
tests/sbb/abstractclass/Test2485Test.xml                                                          Passed. Test passed
tests/sbb/abstractclass/Test309Test.xml                                                           Passed. Test passed
tests/sbb/abstractclass/Test336Test.xml                                                           Passed. Test passed
tests/sbb/abstractclass/Test340Test.xml                                                           Passed. Test passed
tests/sbb/abstractclass/Test355Test.xml                                                           Passed. Test passed
tests/sbb/abstractclass/Test357Test.xml                                                           Passed. Test passed
tests/sbb/abstractclass/Test360Test.xml                                                           Passed. Test passed
tests/sbb/abstractclass/Test361Test.xml                                                           Passed. Test passed
tests/sbb/abstractclass/Test363Test.xml                                                           Passed. Test passed
tests/sbb/abstractclass/Test364Test.xml                                                           Passed. Test passed
tests/sbb/abstractclass/Test365Test.xml                                                           Passed. Test passed
tests/sbb/abstractclass/Test367Test.xml                                                           Passed. Test passed
tests/sbb/abstractclass/Test374Test.xml                                                           Passed. Test passed
tests/sbb/abstractclass/Test375Test.xml                                                           Passed. Test passed
tests/sbb/abstractclass/Test376Test.xml                                                           Passed. Test passed
tests/sbb/abstractclass/Test378Test.xml                                                           Passed. Test passed
tests/sbb/abstractclass/Test380Test.xml                                                           Passed. Test passed
tests/sbb/abstractclass/Test382Test.xml                                                           Passed. Test passed
tests/sbb/abstractclass/Test408Test.xml                                                           Passed. Test passed
tests/sbb/abstractclass/Test419Test.xml                                                           Passed. Test passed
tests/sbb/abstractclass/Test432Test.xml                                                           Passed. Test passed
tests/sbb/abstractclass/Test455Test.xml                                                           Passed. Test passed
tests/sbb/abstractclass/Test464Test.xml                                                           Passed. Test passed
tests/sbb/abstractclass/Test4686Test.xml                                                          Passed. Test passed
tests/sbb/abstractclass/Test474Test.xml                                                           Passed. Test passed
tests/sbb/abstractclass/Test481ATest.xml                                                          Passed. Test passed
tests/sbb/abstractclass/Test481BTest.xml                                                          Passed. Test passed
tests/sbb/abstractclass/Test481CTest.xml                                                          Passed. Test passed
tests/sbb/abstractclass/Test481Test.xml                                                           Passed. Test passed
tests/sbb/abstractclass/Test522Test.xml                                                           Passed. Test passed
tests/sbb/abstractclass/Test526Test.xml                                                           Passed. Test passed
tests/sbb/abstractclass/Test529Test.xml                                                           Passed. Test passed
tests/sbb/activitycontext/Test1106025Test.xml                                                     Passed. Test passed
tests/sbb/activitycontext/Test1106027Test.xml                                                     Passed. Test passed
tests/sbb/activitycontext/Test1106029Test.xml                                                     Passed. Test passed
tests/sbb/activitycontext/Test1106030Test.xml                                                     Passed. Test passed
tests/sbb/activitycontext/Test1106032Test.xml                                                     Passed. Test passed
tests/sbb/activitycontext/Test1106033Test.xml                                                     Passed. Test passed
tests/sbb/lifecycle/Test1106001Test.xml                                                           Passed. Test passed
tests/sbblocal/Test292Test.xml                                                                    Passed. Test passed
tests/sbblocal/Test296Test.xml                                                                    Passed. Test passed
tests/sbblocal/Test304Test.xml                                                                    Passed. Test passed
tests/sbblocal/Test306Test.xml                                                                    Passed. Test passed
tests/sbblocal/Test307Test.xml                                                                    Passed. Test passed
tests/sbblocal/Test314Test.xml                                                                    Passed. Test passed
tests/sbblocal/Test323Test.xml                                                                    Passed. Test passed
tests/transactions/Test1109011Test.xml                                                            Error. Exception: com.opencloud.util.Future$TimeoutException => The Future value was not set within the specified timeout of 30000 ms Stack Trace:  com.opencloud.util.Future$TimeoutException: The Future value was not set within the specified timeout of 30000 ms  at com.opencloud.util.Future.getValue(Unknown Source)  at com.opencloud.sleetck.lib.testutils.FutureResult.waitForResult(Unknown Source)  at com.opencloud.sleetck.lib.testsuite.transactions.Test1109011Test.run(Test1109011Test.java:44)  at com.opencloud.sleetck.lib.infra.SleeTCKScript.run(Unknown Source)  at com.sun.javatest.Script.run(Script.java:213)  at com.sun.javatest.Harness.runTest(Harness.java:695)  at com.sun.javatest.Harness.access$900(Harness.java:27)  at com.sun.javatest.Harness$2.run(Harness.java:854)
tests/transactions/Test1109200Test.xml                                                            Error. Exception: com.opencloud.sleetck.lib.TCKTestErrorException => Caught Exception while trying to deactivate service. Nested exception: Exception: com.opencloud.sleetck.lib.TCKTestErrorException => ServiceID[name=Test1109200TestService2,vendor=jain.slee.tck,version=1.1] did not deactivate within test timeout period Stack Trace:  com.opencloud.sleetck.lib.TCKTestErrorException: ServiceID[name=Test1109200TestService2,vendor=jain.slee.tck,version=1.1] did not deactivate within test timeout period  at com.opencloud.sleetck.lib.infra.SleeTCKTestUtilsImpl.deactivateService(Unknown Source)  at com.opencloud.sleetck.lib.infra.SleeTCKTestUtilsImpl.deactivateAllServices(Unknown Source)  at com.opencloud.sleetck.lib.AbstractSleeTCKTest.tearDown(Unknown Source)  at com.opencloud.sleetck.lib.infra.SleeTCKScript.run(Unknown Source)  at com.sun.javatest.Script.run(Script.java:213)  at com.sun.javatest.Harness.runTest(Harness.java:695)  at com.sun.javatest.Harness.access$900(Harness.java:27)  at com.sun.javatest.Harness$2.run(Harness.java:854)  Stack Trace:  com.opencloud.sleetck.lib.TCKTestErrorException: Caught Exception while trying to deactivate service. Nested exception: Exception: com.opencloud.sleetck.lib.TCKTestErrorException => ServiceID[name=Test1109200TestService2,vendor=jain.slee.tck,version=1.1] did not deactivate within test timeout period Stack Trace:  com.opencloud.sleetck.lib.TCKTestErrorException: ServiceID[name=Test1109200TestService2,vendor=jain.slee.tck,version=1.1] did not deactivate within test timeout period  at com.opencloud.sleetck.lib.infra.SleeTCKTestUtilsImpl.deactivateService(Unknown Source)  at com.opencloud.sleetck.lib.infra.SleeTCKTestUtilsImpl.deactivateAllServices(Unknown Source)  at com.opencloud.sleetck.lib.AbstractSleeTCKTest.tearDown(Unknown Source)  at com.opencloud.sleetck.lib.infra.SleeTCKScript.run(Unknown Source)  at com.sun.javatest.Script.run(Script.java:213)  at com.sun.javatest.Harness.runTest(Harness.java:695)  at com.sun.javatest.Harness.access$900(Harness.java:27)  at com.sun.javatest.Harness$2.run(Harness.java:854)   at com.opencloud.sleetck.lib.infra.SleeTCKTestUtilsImpl.deactivateAllServices(Unknown Source)  at com.opencloud.sleetck.lib.AbstractSleeTCKTest.tearDown(Unknown Source)  at com.opencloud.sleetck.lib.infra.SleeTCKScript.run(Unknown Source)  at com.sun.javatest.Script.run(Script.java:213)  at com.sun.javatest.Harness.runTest(Harness.java:695)  at com.sun.javatest.Harness.access$900(Harness.java:27)  at com.sun.javatest.Harness$2.run(Harness.java:854)
tests/transactions/Test1109203Test.xml                                                            Passed. Test passed
tests/transactions/Test1109218Test.xml                                                            Passed. Test passed
tests/transactions/Test1109238Test.xml                                                            Passed. Test passed
tests/transactions/Test1109247Test.xml                                                            Passed. Test passed
tests/transactions/Test1109270Test.xml                                                            Passed. Test passed
tests/transactions/Test1109314Test.xml                                                            Passed. Test passed
tests/transactions/Test1904Test.xml                                                               Passed. Test passed
tests/transactions/Test1993Test.xml                                                               Passed. Test passed
tests/transactions/Test2001Test.xml                                                               Passed. Test passed
tests/transactions/Test2050Test.xml                                                               Passed. Test passed
tests/transactions/Test2055Test.xml                                                               Passed. Test passed
tests/transactions/Test2363Test.xml                                                               Passed. Test passed
tests/transactions/Test2508Test.xml                                                               Passed. Test passed
tests/transactions/Test4263Test.xml                                                               Failed. Failed assertion ID: 4263 Failure context/reason: Timed out waiting for condition: Timeout waiting for test result.
tests/transactions/Test4447Test.xml                                                               Passed. Test passed
tests/transactions/Test817Test.xml                                                                Passed. Test passed
tests/transactions/Test819Test.xml                                                                Failed. Failed assertion ID: 819 Failure context/reason: Timed out waiting for condition: Timeout waiting for test result.
tests/transactions/Test824Test.xml                                                                Passed. Test passed
tests/transactions/Test842Test.xml                                                                Passed. Test passed
tests/transactions/Test848Test.xml                                                                Passed. Test passed
tests/transactions/Test856Test.xml                                                                Passed. Test passed
tests/transactions/Test857Test.xml                                                                Passed. Test passed
tests/transactions/Test858Test.xml                                                                Passed. Test passed
tests/transactions/Test859Test.xml                                                                Passed. Test passed
tests/transactions/Test861Test.xml                                                                Passed. Test passed
tests/transactions/Test862Test.xml                                                                Passed. Test passed
tests/transactions/Test866Test.xml                                                                Passed. Test passed
tests/transactions/Test889Test.xml                                                                Passed. Test passed
tests/transactions/Test894Test.xml                                                                Passed. Test passed
tests/transactions/Test896Test.xml                                                                Passed. Test passed
tests/transactions/Test900Test.xml                                                                Passed. Test passed
tests/transactions/Test903Test.xml                                                                Failed. Failed assertion ID: 903 Failure context/reason: Timed out waiting for condition: Timeout waiting for test result.
tests/transactions/Test905Test.xml                                                                Failed. Failed assertion ID: 905 Failure context/reason: Timed out waiting for condition: Timeout waiting for test result.
tests/transactions/isolation/Test2002Test.xml                                                     Passed. Test passed
tests/transactions/isolation/Test2003Test.xml                                                     Passed. Test passed
tests/usage/SbbUsageMBean/Test2321Test.xml                                                        Passed. Test passed
tests/usage/SbbUsageMBean/Test2326and2370Test.xml                                                 Passed. Test passed
tests/usage/SbbUsageMBean/Test2337_2338_2341Test.xml                                              Passed. Test passed
tests/usage/SbbUsageMBean/Test2342Test.xml                                                        Passed. Test passed
tests/usage/SbbUsageMBean/Test2365Test.xml                                                        Passed. Test passed
tests/usage/SbbUsageMBean/Test2366Test.xml                                                        Passed. Test passed
tests/usage/SbbUsageMBean/Test2371Test.xml                                                        Passed. Test passed
tests/usage/apprequirements/Test2235Test.xml                                                      Passed. Test passed
tests/usage/apprequirements/Test2259Test.xml                                                      Passed. Test passed
tests/usage/apprequirements/UsageParameterNamesTest.xml                                           Passed. Test passed
tests/usage/misc/ParameterSetPersistenceTest.xml                                                  Passed. Test passed
tests/usage/profiles/Test1111008Test.xml                                                          Passed. Test passed
tests/usage/profiles/Test1111015Test.xml                                                          Passed. Test passed
tests/usage/profiles/Test1111034Test.xml                                                          Passed. Test passed
tests/usage/profiles/Test1111035Test.xml                                                          Passed. Test passed
tests/usage/profiles/Test1111036Test.xml                                                          Passed. Test passed
tests/usage/profiles/Test1111076Test.xml                                                          Passed. Test passed
tests/usage/sbb/Test1111025Test.xml                                                               Passed. Test passed
tests/usage/sbb/Test1111056Test.xml                                                               Passed. Test passed
tests/usage/sbb/Test1111068Test.xml                                                               Passed. Test passed
tests/usage/scope/Test2243Test.xml                                                                Passed. Test passed
tests/usage/scope/Test2244Test.xml                                                                Passed. Test passed
tests/usage/scope/Test2245Test.xml                                                                Passed. Test passed
tests/usage/sets/Test2239Test.xml                                                                 Passed. Test passed
tests/usage/sets/Test2253and2254Test.xml                                                          Passed. Test passed
tests/usage/sets/Test2258Test.xml                                                                 Passed. Test passed
tests/usage/sets/Test2294and4558Test.xml                                                          Passed. Test passed
tests/usage/sets/UsageParameterSetNamesTest.xml                                                   Passed. Test passed
tests/usage/types/Test2154Test.xml                                                                Passed. Test passed
tests/usage/types/Test2216Test.xml                                                                Passed. Test passed

